<?xml version="1.0" encoding="UTF-8"?>
<!-- Generated by org.testng.reporters.JUnitReportReporter -->
<testsuite skipped="0" hostname="MAVERICKK" name="com.testvagrant.WebAuto.AppTest" tests="1" failures="0" timestamp="2022-09-22T17:12:14 IST" time="0.004" errors="0">
  <testcase name="shouldAnswerWithTrue" time="0.004" classname="com.testvagrant.WebAuto.AppTest"/>
</testsuite> <!-- com.testvagrant.WebAuto.AppTest -->
